<?xml version="1.0" encoding="UTF-8"?>
<testsuite name="com.graphqljava.tutorial.bookdetails.BookDetailsApplicationTests" tests="1" skipped="0" failures="0" errors="0" timestamp="2019-08-29T03:10:05" hostname="Jons-MacBook-Pro-2.local" time="0.14">
  <properties/>
  <testcase name="contextLoads" classname="com.graphqljava.tutorial.bookdetails.BookDetailsApplicationTests" time="0.14"/>
  <system-out><![CDATA[20:10:03.039 [Test worker] DEBUG org.springframework.test.context.junit4.SpringJUnit4ClassRunner - SpringJUnit4ClassRunner constructor called with [class com.graphqljava.tutorial.bookdetails.BookDetailsApplicationTests]
20:10:03.046 [Test worker] DEBUG org.springframework.test.context.BootstrapUtils - Instantiating CacheAwareContextLoaderDelegate from class [org.springframework.test.context.cache.DefaultCacheAwareContextLoaderDelegate]
20:10:03.055 [Test worker] DEBUG org.springframework.test.context.BootstrapUtils - Instantiating BootstrapContext using constructor [public org.springframework.test.context.support.DefaultBootstrapContext(java.lang.Class,org.springframework.test.context.CacheAwareContextLoaderDelegate)]
20:10:03.073 [Test worker] DEBUG org.springframework.test.context.BootstrapUtils - Instantiating TestContextBootstrapper for test class [com.graphqljava.tutorial.bookdetails.BookDetailsApplicationTests] from class [org.springframework.boot.test.context.SpringBootTestContextBootstrapper]
20:10:03.083 [Test worker] INFO org.springframework.boot.test.context.SpringBootTestContextBootstrapper - Neither @ContextConfiguration nor @ContextHierarchy found for test class [com.graphqljava.tutorial.bookdetails.BookDetailsApplicationTests], using SpringBootContextLoader
20:10:03.086 [Test worker] DEBUG org.springframework.test.context.support.AbstractContextLoader - Did not detect default resource location for test class [com.graphqljava.tutorial.bookdetails.BookDetailsApplicationTests]: class path resource [com/graphqljava/tutorial/bookdetails/BookDetailsApplicationTests-context.xml] does not exist
20:10:03.086 [Test worker] DEBUG org.springframework.test.context.support.AbstractContextLoader - Did not detect default resource location for test class [com.graphqljava.tutorial.bookdetails.BookDetailsApplicationTests]: class path resource [com/graphqljava/tutorial/bookdetails/BookDetailsApplicationTestsContext.groovy] does not exist
20:10:03.086 [Test worker] INFO org.springframework.test.context.support.AbstractContextLoader - Could not detect default resource locations for test class [com.graphqljava.tutorial.bookdetails.BookDetailsApplicationTests]: no resource found for suffixes {-context.xml, Context.groovy}.
20:10:03.087 [Test worker] INFO org.springframework.test.context.support.AnnotationConfigContextLoaderUtils - Could not detect default configuration classes for test class [com.graphqljava.tutorial.bookdetails.BookDetailsApplicationTests]: BookDetailsApplicationTests does not declare any static, non-private, non-final, nested classes annotated with @Configuration.
20:10:03.122 [Test worker] DEBUG org.springframework.test.context.support.ActiveProfilesUtils - Could not find an 'annotation declaring class' for annotation type [org.springframework.test.context.ActiveProfiles] and class [com.graphqljava.tutorial.bookdetails.BookDetailsApplicationTests]
20:10:03.190 [Test worker] DEBUG org.springframework.context.annotation.ClassPathScanningCandidateComponentProvider - Identified candidate component class: file [/Users/jon/forks/graphql-in-every-language/languages/java/graphql-java/build/classes/java/main/com/graphqljava/tutorial/bookdetails/BookDetailsApplication.class]
20:10:03.194 [Test worker] INFO org.springframework.boot.test.context.SpringBootTestContextBootstrapper - Found @SpringBootConfiguration com.graphqljava.tutorial.bookdetails.BookDetailsApplication for test class com.graphqljava.tutorial.bookdetails.BookDetailsApplicationTests
20:10:03.280 [Test worker] DEBUG org.springframework.boot.test.context.SpringBootTestContextBootstrapper - @TestExecutionListeners is not present for class [com.graphqljava.tutorial.bookdetails.BookDetailsApplicationTests]: using defaults.
20:10:03.281 [Test worker] INFO org.springframework.boot.test.context.SpringBootTestContextBootstrapper - Loaded default TestExecutionListener class names from location [META-INF/spring.factories]: [org.springframework.boot.test.autoconfigure.restdocs.RestDocsTestExecutionListener, org.springframework.boot.test.autoconfigure.web.client.MockRestServiceServerResetTestExecutionListener, org.springframework.boot.test.autoconfigure.web.servlet.MockMvcPrintOnlyOnFailureTestExecutionListener, org.springframework.boot.test.autoconfigure.web.servlet.WebDriverTestExecutionListener, org.springframework.boot.test.mock.mockito.MockitoTestExecutionListener, org.springframework.boot.test.mock.mockito.ResetMocksTestExecutionListener, org.springframework.test.context.web.ServletTestExecutionListener, org.springframework.test.context.support.DirtiesContextBeforeModesTestExecutionListener, org.springframework.test.context.support.DependencyInjectionTestExecutionListener, org.springframework.test.context.support.DirtiesContextTestExecutionListener, org.springframework.test.context.transaction.TransactionalTestExecutionListener, org.springframework.test.context.jdbc.SqlScriptsTestExecutionListener]
20:10:03.291 [Test worker] DEBUG org.springframework.boot.test.context.SpringBootTestContextBootstrapper - Skipping candidate TestExecutionListener [org.springframework.test.context.transaction.TransactionalTestExecutionListener] due to a missing dependency. Specify custom listener classes or make the default listener classes and their required dependencies available. Offending class: [org/springframework/transaction/interceptor/TransactionAttributeSource]
20:10:03.291 [Test worker] DEBUG org.springframework.boot.test.context.SpringBootTestContextBootstrapper - Skipping candidate TestExecutionListener [org.springframework.test.context.jdbc.SqlScriptsTestExecutionListener] due to a missing dependency. Specify custom listener classes or make the default listener classes and their required dependencies available. Offending class: [org/springframework/transaction/interceptor/TransactionAttribute]
20:10:03.291 [Test worker] INFO org.springframework.boot.test.context.SpringBootTestContextBootstrapper - Using TestExecutionListeners: [org.springframework.test.context.web.ServletTestExecutionListener@4261f5bf, org.springframework.test.context.support.DirtiesContextBeforeModesTestExecutionListener@4e89dd9, org.springframework.boot.test.mock.mockito.MockitoTestExecutionListener@44a517aa, org.springframework.boot.test.autoconfigure.SpringBootDependencyInjectionTestExecutionListener@50af4a0a, org.springframework.test.context.support.DirtiesContextTestExecutionListener@1dae81ad, org.springframework.boot.test.autoconfigure.restdocs.RestDocsTestExecutionListener@5de8c194, org.springframework.boot.test.autoconfigure.web.client.MockRestServiceServerResetTestExecutionListener@311c85c4, org.springframework.boot.test.autoconfigure.web.servlet.MockMvcPrintOnlyOnFailureTestExecutionListener@1bc966f7, org.springframework.boot.test.autoconfigure.web.servlet.WebDriverTestExecutionListener@72832fca, org.springframework.boot.test.mock.mockito.ResetMocksTestExecutionListener@69fcb46f]
20:10:03.294 [Test worker] DEBUG org.springframework.test.annotation.ProfileValueUtils - Retrieved @ProfileValueSourceConfiguration [null] for test class [com.graphqljava.tutorial.bookdetails.BookDetailsApplicationTests]
20:10:03.294 [Test worker] DEBUG org.springframework.test.annotation.ProfileValueUtils - Retrieved ProfileValueSource type [class org.springframework.test.annotation.SystemProfileValueSource] for class [com.graphqljava.tutorial.bookdetails.BookDetailsApplicationTests]
20:10:03.295 [Test worker] DEBUG org.springframework.test.annotation.ProfileValueUtils - Retrieved @ProfileValueSourceConfiguration [null] for test class [com.graphqljava.tutorial.bookdetails.BookDetailsApplicationTests]
20:10:03.295 [Test worker] DEBUG org.springframework.test.annotation.ProfileValueUtils - Retrieved ProfileValueSource type [class org.springframework.test.annotation.SystemProfileValueSource] for class [com.graphqljava.tutorial.bookdetails.BookDetailsApplicationTests]
20:10:03.300 [Test worker] DEBUG org.springframework.test.context.support.AbstractDirtiesContextTestExecutionListener - Before test class: context [DefaultTestContext@34b7a857 testClass = BookDetailsApplicationTests, testInstance = [null], testMethod = [null], testException = [null], mergedContextConfiguration = [WebMergedContextConfiguration@39db434f testClass = BookDetailsApplicationTests, locations = '{}', classes = '{class com.graphqljava.tutorial.bookdetails.BookDetailsApplication}', contextInitializerClasses = '[]', activeProfiles = '{}', propertySourceLocations = '{}', propertySourceProperties = '{org.springframework.boot.test.context.SpringBootTestContextBootstrapper=true}', contextCustomizers = set[org.springframework.boot.test.autoconfigure.properties.PropertyMappingContextCustomizer@0, org.springframework.boot.test.autoconfigure.web.servlet.WebDriverContextCustomizerFactory$Customizer@77ec8a27, org.springframework.boot.test.context.filter.ExcludeFilterContextCustomizer@397235f7, org.springframework.boot.test.json.DuplicateJsonObjectContextCustomizerFactory$DuplicateJsonObjectContextCustomizer@51cf61d9, org.springframework.boot.test.mock.mockito.MockitoContextCustomizer@0, org.springframework.boot.test.web.client.TestRestTemplateContextCustomizer@3254485e], resourceBasePath = 'src/main/webapp', contextLoader = 'org.springframework.boot.test.context.SpringBootContextLoader', parent = [null]], attributes = map['org.springframework.test.context.web.ServletTestExecutionListener.activateListener' -> true]], class annotated with @DirtiesContext [false] with mode [null].
20:10:03.300 [Test worker] DEBUG org.springframework.test.annotation.ProfileValueUtils - Retrieved @ProfileValueSourceConfiguration [null] for test class [com.graphqljava.tutorial.bookdetails.BookDetailsApplicationTests]
20:10:03.300 [Test worker] DEBUG org.springframework.test.annotation.ProfileValueUtils - Retrieved ProfileValueSource type [class org.springframework.test.annotation.SystemProfileValueSource] for class [com.graphqljava.tutorial.bookdetails.BookDetailsApplicationTests]
20:10:03.323 [Test worker] DEBUG org.springframework.test.context.support.TestPropertySourceUtils - Adding inlined properties to environment: {spring.jmx.enabled=false, org.springframework.boot.test.context.SpringBootTestContextBootstrapper=true, server.port=-1}

  .   ____          _            __ _ _
 /\\ / ___'_ __ _ _(_)_ __  __ _ \ \ \ \
( ( )\___ | '_ | '_| | '_ \/ _` | \ \ \ \
 \\/  ___)| |_)| | | | | || (_| |  ) ) ) )
  '  |____| .__|_| |_|_| |_\__, | / / / /
 =========|_|==============|___/=/_/_/_/
 :: Spring Boot ::        (v2.1.2.RELEASE)

2019-08-28 20:10:03.761  INFO 19165 --- [    Test worker] c.g.t.b.BookDetailsApplicationTests      : Starting BookDetailsApplicationTests on Jons-MacBook-Pro-2.local with PID 19165 (started by jon in /Users/jon/forks/graphql-in-every-language/languages/java/graphql-java)
2019-08-28 20:10:03.763  INFO 19165 --- [    Test worker] c.g.t.b.BookDetailsApplicationTests      : No active profile set, falling back to default profiles: default
2019-08-28 20:10:05.520  INFO 19165 --- [    Test worker] o.s.s.concurrent.ThreadPoolTaskExecutor  : Initializing ExecutorService 'applicationTaskExecutor'
2019-08-28 20:10:05.827  INFO 19165 --- [    Test worker] c.g.t.b.BookDetailsApplicationTests      : Started BookDetailsApplicationTests in 2.494 seconds (JVM running for 3.33)
]]></system-out>
  <system-err><![CDATA[]]></system-err>
</testsuite>
